# JRE version: OpenJDK Runtime Environment Homebrew (11.0.25) (build 11.0.25+0)
# Java VM: OpenJDK 64-Bit Server VM Homebrew (11.0.25+0, mixed mode, tiered, compressed oops, g1 gc, bsd-aarch64)
Heap:
 garbage-first heap   total 262144K, used 68061K [0x00000007c8800000, 0x00000007e8800000)
  region size 1024K, 31 young (31744K), 14 survivors (14336K)
 Metaspace       used 74887K, capacity 77433K, committed 77632K, reserved 452608K
  class space    used 9952K, capacity 11004K, committed 11072K, reserved 385024K
GC Heap History (18 events):
Event: 0.346 GC heap before
{Heap before GC invocations=0 (full 0):
 garbage-first heap   total 262144K, used 27648K [0x00000007c8800000, 0x00000007e8800000)
  region size 1024K, 24 young (24576K), 0 survivors (0K)
 Metaspace       used 7880K, capacity 8015K, committed 8320K, reserved 393216K
  class space    used 726K, capacity 801K, committed 896K, reserved 385024K
}
Event: 0.348 GC heap after
{Heap after GC invocations=1 (full 0):
 garbage-first heap   total 262144K, used 10955K [0x00000007c8800000, 0x00000007e8800000)
  region size 1024K, 3 young (3072K), 3 survivors (3072K)
 Metaspace       used 7880K, capacity 8015K, committed 8320K, reserved 393216K
  class space    used 726K, capacity 801K, committed 896K, reserved 385024K
}
Event: 0.999 GC heap before
{Heap before GC invocations=1 (full 0):
 garbage-first heap   total 262144K, used 127691K [0x00000007c8800000, 0x00000007e8800000)
  region size 1024K, 116 young (118784K), 3 survivors (3072K)
 Metaspace       used 20624K, capacity 21116K, committed 21248K, reserved 403456K
  class space    used 2495K, capacity 2714K, committed 2816K, reserved 385024K
}
Event: 1.004 GC heap after
{Heap after GC invocations=2 (full 0):
 garbage-first heap   total 262144K, used 19513K [0x00000007c8800000, 0x00000007e8800000)
  region size 1024K, 11 young (11264K), 11 survivors (11264K)
 Metaspace       used 20624K, capacity 21116K, committed 21248K, reserved 403456K
  class space    used 2495K, capacity 2714K, committed 2816K, reserved 385024K
}
Event: 1.252 GC heap before
{Heap before GC invocations=3 (full 0):
 garbage-first heap   total 262144K, used 84025K [0x00000007c8800000, 0x00000007e8800000)
  region size 1024K, 75 young (76800K), 11 survivors (11264K)
 Metaspace       used 25329K, capacity 25984K, committed 26112K, reserved 407552K
  class space    used 3246K, capacity 3490K, committed 3584K, reserved 385024K
}
Event: 1.260 GC heap after
{Heap after GC invocations=4 (full 0):
 garbage-first heap   total 262144K, used 21767K [0x00000007c8800000, 0x00000007e8800000)
  region size 1024K, 3 young (3072K), 3 survivors (3072K)
 Metaspace       used 25329K, capacity 25984K, committed 26112K, reserved 407552K
  class space    used 3246K, capacity 3490K, committed 3584K, reserved 385024K
}
Event: 1.753 GC heap before
{Heap before GC invocations=4 (full 0):
 garbage-first heap   total 262144K, used 145671K [0x00000007c8800000, 0x00000007e8800000)
  region size 1024K, 125 young (128000K), 3 survivors (3072K)
 Metaspace       used 34914K, capacity 35714K, committed 35840K, reserved 415744K
  class space    used 4653K, capacity 5001K, committed 5120K, reserved 385024K
}
Event: 1.757 GC heap after
{Heap after GC invocations=5 (full 0):
 garbage-first heap   total 262144K, used 25078K [0x00000007c8800000, 0x00000007e8800000)
  region size 1024K, 6 young (6144K), 6 survivors (6144K)
 Metaspace       used 34914K, capacity 35714K, committed 35840K, reserved 415744K
  class space    used 4653K, capacity 5001K, committed 5120K, reserved 385024K
}
Event: 2.423 GC heap before
{Heap before GC invocations=6 (full 0):
 garbage-first heap   total 262144K, used 181750K [0x00000007c8800000, 0x00000007e8800000)
  region size 1024K, 153 young (156672K), 6 survivors (6144K)
 Metaspace       used 48491K, capacity 49772K, committed 49920K, reserved 428032K
  class space    used 6363K, capacity 6905K, committed 6912K, reserved 385024K
}
Event: 2.428 GC heap after
{Heap after GC invocations=7 (full 0):
 garbage-first heap   total 262144K, used 32453K [0x00000007c8800000, 0x00000007e8800000)
  region size 1024K, 13 young (13312K), 13 survivors (13312K)
 Metaspace       used 48491K, capacity 49772K, committed 49920K, reserved 428032K
  class space    used 6363K, capacity 6905K, committed 6912K, reserved 385024K
}
Event: 301.412 GC heap before
{Heap before GC invocations=7 (full 0):
 garbage-first heap   total 262144K, used 175813K [0x00000007c8800000, 0x00000007e8800000)
  region size 1024K, 153 young (156672K), 13 survivors (13312K)
 Metaspace       used 56091K, capacity 57998K, committed 58240K, reserved 436224K
  class space    used 7513K, capacity 8291K, committed 8320K, reserved 385024K
}
Event: 301.447 GC heap after
{Heap after GC invocations=8 (full 0):
 garbage-first heap   total 262144K, used 39174K [0x00000007c8800000, 0x00000007e8800000)
  region size 1024K, 15 young (15360K), 15 survivors (15360K)
 Metaspace       used 56091K, capacity 57998K, committed 58240K, reserved 436224K
  class space    used 7513K, capacity 8291K, committed 8320K, reserved 385024K
}
Event: 301.618 GC heap before
{Heap before GC invocations=8 (full 0):
 garbage-first heap   total 262144K, used 75014K [0x00000007c8800000, 0x00000007e8800000)
  region size 1024K, 51 young (52224K), 15 survivors (15360K)
 Metaspace       used 58258K, capacity 60123K, committed 60160K, reserved 438272K
  class space    used 7908K, capacity 8680K, committed 8704K, reserved 385024K
}
Event: 301.629 GC heap after
{Heap after GC invocations=9 (full 0):
 garbage-first heap   total 262144K, used 41513K [0x00000007c8800000, 0x00000007e8800000)
  region size 1024K, 10 young (10240K), 10 survivors (10240K)
 Metaspace       used 58258K, capacity 60123K, committed 60160K, reserved 438272K
  class space    used 7908K, capacity 8680K, committed 8704K, reserved 385024K
}
Event: 303.729 GC heap before
{Heap before GC invocations=10 (full 0):
 garbage-first heap   total 262144K, used 186921K [0x00000007c8800000, 0x00000007e8800000)
  region size 1024K, 153 young (156672K), 10 survivors (10240K)
 Metaspace       used 72829K, capacity 75228K, committed 75584K, reserved 450560K
  class space    used 9722K, capacity 10709K, committed 10816K, reserved 385024K
}
Event: 303.734 GC heap after
{Heap after GC invocations=11 (full 0):
 garbage-first heap   total 262144K, used 48682K [0x00000007c8800000, 0x00000007e8800000)
  region size 1024K, 17 young (17408K), 17 survivors (17408K)
 Metaspace       used 72829K, capacity 75228K, committed 75584K, reserved 450560K
  class space    used 9722K, capacity 10709K, committed 10816K, reserved 385024K
}
Event: 304.497 GC heap before
{Heap before GC invocations=11 (full 0):
 garbage-first heap   total 262144K, used 187946K [0x00000007c8800000, 0x00000007e8800000)
  region size 1024K, 153 young (156672K), 17 survivors (17408K)
 Metaspace       used 74338K, capacity 76861K, committed 76992K, reserved 452608K
  class space    used 9889K, capacity 10916K, committed 10944K, reserved 385024K
}
Event: 304.508 GC heap after
{Heap after GC invocations=12 (full 0):
 garbage-first heap   total 262144K, used 52701K [0x00000007c8800000, 0x00000007e8800000)
  region size 1024K, 14 young (14336K), 14 survivors (14336K)
 Metaspace       used 74338K, capacity 76861K, committed 76992K, reserved 452608K
  class space    used 9889K, capacity 10916K, committed 10944K, reserved 385024K
}

